{"/Users/agf/Documents/React/Interviews/avatar-upload/src/App.tsx": {"path":"/Users/agf/Documents/React/Interviews/avatar-upload/src/App.tsx","statementMap":{"0":{"start":{"line":11,"column":12},"end":{"line":132,"column":1}},"1":{"start":{"line":13,"column":30},"end":{"line":13,"column":57}},"2":{"start":{"line":14,"column":30},"end":{"line":14,"column":45}},"3":{"start":{"line":15,"column":32},"end":{"line":15,"column":47}},"4":{"start":{"line":16,"column":26},"end":{"line":16,"column":37}},"5":{"start":{"line":18,"column":19},"end":{"line":18,"column":49}},"6":{"start":{"line":20,"column":27},"end":{"line":22,"column":3}},"7":{"start":{"line":21,"column":4},"end":{"line":21,"column":30}},"8":{"start":{"line":24,"column":23},"end":{"line":30,"column":3}},"9":{"start":{"line":25,"column":25},"end":{"line":25,"column":65}},"10":{"start":{"line":27,"column":4},"end":{"line":27,"column":29}},"11":{"start":{"line":27,"column":16},"end":{"line":27,"column":29}},"12":{"start":{"line":29,"column":4},"end":{"line":29,"column":45}},"13":{"start":{"line":32,"column":25},"end":{"line":40,"column":3}},"14":{"start":{"line":33,"column":4},"end":{"line":37,"column":5}},"15":{"start":{"line":34,"column":6},"end":{"line":34,"column":23}},"16":{"start":{"line":35,"column":6},"end":{"line":35,"column":24}},"17":{"start":{"line":36,"column":6},"end":{"line":36,"column":17}},"18":{"start":{"line":38,"column":4},"end":{"line":38,"column":35}},"19":{"start":{"line":42,"column":16},"end":{"line":47,"column":3}},"20":{"start":{"line":43,"column":4},"end":{"line":43,"column":20}},"21":{"start":{"line":44,"column":4},"end":{"line":44,"column":15}},"22":{"start":{"line":45,"column":4},"end":{"line":45,"column":20}},"23":{"start":{"line":46,"column":4},"end":{"line":46,"column":22}},"24":{"start":{"line":49,"column":21},"end":{"line":53,"column":3}},"25":{"start":{"line":50,"column":4},"end":{"line":50,"column":27}},"26":{"start":{"line":51,"column":18},"end":{"line":51,"column":46}},"27":{"start":{"line":52,"column":4},"end":{"line":52,"column":26}},"28":{"start":{"line":56,"column":24},"end":{"line":60,"column":3}},"29":{"start":{"line":57,"column":25},"end":{"line":57,"column":69}},"30":{"start":{"line":59,"column":4},"end":{"line":59,"column":33}},"31":{"start":{"line":62,"column":29},"end":{"line":67,"column":3}},"32":{"start":{"line":66,"column":4},"end":{"line":66,"column":29}},"33":{"start":{"line":69,"column":19},"end":{"line":71,"column":3}},"34":{"start":{"line":70,"column":4},"end":{"line":70,"column":27}},"35":{"start":{"line":73,"column":20},"end":{"line":75,"column":3}},"36":{"start":{"line":74,"column":4},"end":{"line":74,"column":27}},"37":{"start":{"line":77,"column":20},"end":{"line":79,"column":3}},"38":{"start":{"line":78,"column":4},"end":{"line":78,"column":27}},"39":{"start":{"line":81,"column":22},"end":{"line":114,"column":3}},"40":{"start":{"line":82,"column":4},"end":{"line":82,"column":58}},"41":{"start":{"line":82,"column":17},"end":{"line":82,"column":58}},"42":{"start":{"line":84,"column":4},"end":{"line":90,"column":8}},"43":{"start":{"line":85,"column":6},"end":{"line":90,"column":8}},"44":{"start":{"line":92,"column":4},"end":{"line":104,"column":8}},"45":{"start":{"line":94,"column":6},"end":{"line":104,"column":8}},"46":{"start":{"line":106,"column":4},"end":{"line":113,"column":6}},"47":{"start":{"line":116,"column":2},"end":{"line":131,"column":3}}},"fnMap":{"0":{"name":"(anonymous_0)","decl":{"start":{"line":11,"column":12},"end":{"line":11,"column":13}},"loc":{"start":{"line":11,"column":18},"end":{"line":132,"column":1}},"line":11},"1":{"name":"(anonymous_1)","decl":{"start":{"line":20,"column":27},"end":{"line":20,"column":28}},"loc":{"start":{"line":20,"column":33},"end":{"line":22,"column":3}},"line":20},"2":{"name":"(anonymous_2)","decl":{"start":{"line":24,"column":23},"end":{"line":24,"column":24}},"loc":{"start":{"line":24,"column":41},"end":{"line":30,"column":3}},"line":24},"3":{"name":"(anonymous_3)","decl":{"start":{"line":32,"column":25},"end":{"line":32,"column":26}},"loc":{"start":{"line":32,"column":43},"end":{"line":40,"column":3}},"line":32},"4":{"name":"(anonymous_4)","decl":{"start":{"line":42,"column":16},"end":{"line":42,"column":17}},"loc":{"start":{"line":42,"column":22},"end":{"line":47,"column":3}},"line":42},"5":{"name":"(anonymous_5)","decl":{"start":{"line":49,"column":21},"end":{"line":49,"column":22}},"loc":{"start":{"line":49,"column":59},"end":{"line":53,"column":3}},"line":49},"6":{"name":"(anonymous_6)","decl":{"start":{"line":56,"column":24},"end":{"line":56,"column":25}},"loc":{"start":{"line":56,"column":70},"end":{"line":60,"column":3}},"line":56},"7":{"name":"(anonymous_7)","decl":{"start":{"line":62,"column":29},"end":{"line":62,"column":30}},"loc":{"start":{"line":65,"column":7},"end":{"line":67,"column":3}},"line":65},"8":{"name":"(anonymous_8)","decl":{"start":{"line":69,"column":19},"end":{"line":69,"column":20}},"loc":{"start":{"line":69,"column":57},"end":{"line":71,"column":3}},"line":69},"9":{"name":"(anonymous_9)","decl":{"start":{"line":73,"column":20},"end":{"line":73,"column":21}},"loc":{"start":{"line":73,"column":58},"end":{"line":75,"column":3}},"line":73},"10":{"name":"(anonymous_10)","decl":{"start":{"line":77,"column":20},"end":{"line":77,"column":21}},"loc":{"start":{"line":77,"column":58},"end":{"line":79,"column":3}},"line":77},"11":{"name":"(anonymous_11)","decl":{"start":{"line":81,"column":22},"end":{"line":81,"column":23}},"loc":{"start":{"line":81,"column":28},"end":{"line":114,"column":3}},"line":81}},"branchMap":{"0":{"loc":{"start":{"line":27,"column":4},"end":{"line":27,"column":29}},"type":"if","locations":[{"start":{"line":27,"column":4},"end":{"line":27,"column":29}},{"start":{},"end":{}}],"line":27},"1":{"loc":{"start":{"line":33,"column":4},"end":{"line":37,"column":5}},"type":"if","locations":[{"start":{"line":33,"column":4},"end":{"line":37,"column":5}},{"start":{},"end":{}}],"line":33},"2":{"loc":{"start":{"line":33,"column":8},"end":{"line":33,"column":36}},"type":"binary-expr","locations":[{"start":{"line":33,"column":8},"end":{"line":33,"column":13}},{"start":{"line":33,"column":17},"end":{"line":33,"column":36}}],"line":33},"3":{"loc":{"start":{"line":82,"column":4},"end":{"line":82,"column":58}},"type":"if","locations":[{"start":{"line":82,"column":4},"end":{"line":82,"column":58}},{"start":{},"end":{}}],"line":82},"4":{"loc":{"start":{"line":84,"column":4},"end":{"line":90,"column":8}},"type":"if","locations":[{"start":{"line":84,"column":4},"end":{"line":90,"column":8}},{"start":{},"end":{}}],"line":84},"5":{"loc":{"start":{"line":84,"column":8},"end":{"line":84,"column":27}},"type":"binary-expr","locations":[{"start":{"line":84,"column":8},"end":{"line":84,"column":16}},{"start":{"line":84,"column":20},"end":{"line":84,"column":27}}],"line":84},"6":{"loc":{"start":{"line":92,"column":4},"end":{"line":104,"column":8}},"type":"if","locations":[{"start":{"line":92,"column":4},"end":{"line":104,"column":8}},{"start":{},"end":{}}],"line":92},"7":{"loc":{"start":{"line":92,"column":8},"end":{"line":92,"column":38}},"type":"binary-expr","locations":[{"start":{"line":92,"column":8},"end":{"line":92,"column":16}},{"start":{"line":92,"column":20},"end":{"line":92,"column":26}},{"start":{"line":92,"column":30},"end":{"line":92,"column":38}}],"line":92}},"s":{"0":1,"1":20,"2":20,"3":20,"4":20,"5":20,"6":20,"7":3,"8":20,"9":14,"10":14,"11":0,"12":14,"13":20,"14":7,"15":5,"16":5,"17":5,"18":7,"19":20,"20":2,"21":2,"22":2,"23":2,"24":20,"25":0,"26":0,"27":0,"28":20,"29":7,"30":7,"31":20,"32":2,"33":20,"34":0,"35":20,"36":0,"37":20,"38":0,"39":20,"40":20,"41":2,"42":18,"43":10,"44":8,"45":7,"46":1,"47":20},"f":{"0":20,"1":3,"2":14,"3":7,"4":2,"5":0,"6":7,"7":2,"8":0,"9":0,"10":0,"11":20},"b":{"0":[0,14],"1":[5,2],"2":[7,7],"3":[2,18],"4":[10,8],"5":[18,18],"6":[7,1],"7":[8,8,8]},"_coverageSchema":"1a1c01bbd47fc00a2c39e90264f33305004495a9","hash":"337c428a90863ceb587231312cc8a16f3c93c57c"}
,"/Users/agf/Documents/React/Interviews/avatar-upload/src/main.tsx": {"path":"/Users/agf/Documents/React/Interviews/avatar-upload/src/main.tsx","statementMap":{"0":{"start":{"line":6,"column":0},"end":{"line":11,"column":1}}},"fnMap":{},"branchMap":{},"s":{"0":0},"f":{},"b":{}}
,"/Users/agf/Documents/React/Interviews/avatar-upload/src/styles.tsx": {"path":"/Users/agf/Documents/React/Interviews/avatar-upload/src/styles.tsx","statementMap":{"0":{"start":{"line":9,"column":25},"end":{"line":40,"column":1}},"1":{"start":{"line":20,"column":37},"end":{"line":35,"column":3}}},"fnMap":{"0":{"name":"(anonymous_0)","decl":{"start":{"line":20,"column":4},"end":{"line":20,"column":5}},"loc":{"start":{"line":20,"column":37},"end":{"line":35,"column":3}},"line":20}},"branchMap":{"0":{"loc":{"start":{"line":22,"column":6},"end":{"line":26,"column":12}},"type":"cond-expr","locations":[{"start":{"line":23,"column":10},"end":{"line":25,"column":11}},{"start":{"line":26,"column":10},"end":{"line":26,"column":12}}],"line":22},"1":{"loc":{"start":{"line":22,"column":6},"end":{"line":22,"column":23}},"type":"binary-expr","locations":[{"start":{"line":22,"column":6},"end":{"line":22,"column":12}},{"start":{"line":22,"column":16},"end":{"line":22,"column":23}}],"line":22},"2":{"loc":{"start":{"line":29,"column":6},"end":{"line":33,"column":12}},"type":"cond-expr","locations":[{"start":{"line":30,"column":10},"end":{"line":32,"column":11}},{"start":{"line":33,"column":10},"end":{"line":33,"column":12}}],"line":29},"3":{"loc":{"start":{"line":29,"column":6},"end":{"line":29,"column":37}},"type":"binary-expr","locations":[{"start":{"line":29,"column":7},"end":{"line":29,"column":13}},{"start":{"line":29,"column":17},"end":{"line":29,"column":25}},{"start":{"line":29,"column":30},"end":{"line":29,"column":37}}],"line":29}},"s":{"0":1,"1":20},"f":{"0":20},"b":{"0":[13,7],"1":[20,8],"2":[11,9],"3":[20,12,10]},"_coverageSchema":"1a1c01bbd47fc00a2c39e90264f33305004495a9","hash":"56a6a55b9097135b7f31260b8433e1b675dccc74"}
,"/Users/agf/Documents/React/Interviews/avatar-upload/src/components/Avatar/index.tsx": {"path":"/Users/agf/Documents/React/Interviews/avatar-upload/src/components/Avatar/index.tsx","statementMap":{"0":{"start":{"line":24,"column":26},"end":{"line":24,"column":46}},"1":{"start":{"line":26,"column":2},"end":{"line":30,"column":9}},"2":{"start":{"line":27,"column":4},"end":{"line":29,"column":5}},"3":{"start":{"line":28,"column":6},"end":{"line":28,"column":42}},"4":{"start":{"line":32,"column":2},"end":{"line":41,"column":4}}},"fnMap":{"0":{"name":"Avatar","decl":{"start":{"line":18,"column":16},"end":{"line":18,"column":22}},"loc":{"start":{"line":22,"column":10},"end":{"line":42,"column":1}},"line":22},"1":{"name":"(anonymous_1)","decl":{"start":{"line":26,"column":12},"end":{"line":26,"column":13}},"loc":{"start":{"line":26,"column":18},"end":{"line":30,"column":3}},"line":26}},"branchMap":{"0":{"loc":{"start":{"line":27,"column":4},"end":{"line":29,"column":5}},"type":"if","locations":[{"start":{"line":27,"column":4},"end":{"line":29,"column":5}},{"start":{},"end":{}}],"line":27},"1":{"loc":{"start":{"line":36,"column":12},"end":{"line":36,"column":38}},"type":"binary-expr","locations":[{"start":{"line":36,"column":12},"end":{"line":36,"column":17}},{"start":{"line":36,"column":21},"end":{"line":36,"column":38}}],"line":36}},"s":{"0":16,"1":16,"2":8,"3":6,"4":16},"f":{"0":16,"1":8},"b":{"0":[6,2],"1":[16,2]},"_coverageSchema":"1a1c01bbd47fc00a2c39e90264f33305004495a9","hash":"fa7d70a4dd2e452254d5c88447f8b1309e487f90"}
,"/Users/agf/Documents/React/Interviews/avatar-upload/src/components/Avatar/styles.tsx": {"path":"/Users/agf/Documents/React/Interviews/avatar-upload/src/components/Avatar/styles.tsx","statementMap":{"0":{"start":{"line":8,"column":25},"end":{"line":10,"column":1}},"1":{"start":{"line":12,"column":23},"end":{"line":23,"column":1}},"2":{"start":{"line":25,"column":21},"end":{"line":45,"column":1}},"3":{"start":{"line":32,"column":17},"end":{"line":32,"column":62}},"4":{"start":{"line":47,"column":28},"end":{"line":50,"column":1}}},"fnMap":{"0":{"name":"(anonymous_0)","decl":{"start":{"line":32,"column":4},"end":{"line":32,"column":5}},"loc":{"start":{"line":32,"column":17},"end":{"line":32,"column":62}},"line":32}},"branchMap":{"0":{"loc":{"start":{"line":32,"column":17},"end":{"line":32,"column":62}},"type":"cond-expr","locations":[{"start":{"line":32,"column":23},"end":{"line":32,"column":57}},{"start":{"line":32,"column":60},"end":{"line":32,"column":62}}],"line":32}},"s":{"0":1,"1":1,"2":1,"3":16,"4":1},"f":{"0":16},"b":{"0":[0,16]},"_coverageSchema":"1a1c01bbd47fc00a2c39e90264f33305004495a9","hash":"a538ace0ca279327f48ef32eda301750b3c2440d"}
,"/Users/agf/Documents/React/Interviews/avatar-upload/src/components/AvatarInformation/index.tsx": {"path":"/Users/agf/Documents/React/Interviews/avatar-upload/src/components/AvatarInformation/index.tsx","statementMap":{"0":{"start":{"line":22,"column":2},"end":{"line":41,"column":4}}},"fnMap":{"0":{"name":"AvatarInformation","decl":{"start":{"line":18,"column":16},"end":{"line":18,"column":33}},"loc":{"start":{"line":21,"column":10},"end":{"line":42,"column":1}},"line":21}},"branchMap":{},"s":{"0":11},"f":{"0":11},"b":{},"_coverageSchema":"1a1c01bbd47fc00a2c39e90264f33305004495a9","hash":"e589f6cc451fae641aedf5538998118c58155cd6"}
,"/Users/agf/Documents/React/Interviews/avatar-upload/src/components/AvatarInformation/styles.tsx": {"path":"/Users/agf/Documents/React/Interviews/avatar-upload/src/components/AvatarInformation/styles.tsx","statementMap":{"0":{"start":{"line":3,"column":25},"end":{"line":8,"column":1}},"1":{"start":{"line":10,"column":23},"end":{"line":14,"column":1}},"2":{"start":{"line":16,"column":27},"end":{"line":21,"column":1}},"3":{"start":{"line":23,"column":21},"end":{"line":28,"column":1}},"4":{"start":{"line":30,"column":27},"end":{"line":35,"column":1}},"5":{"start":{"line":37,"column":25},"end":{"line":39,"column":1}}},"fnMap":{},"branchMap":{},"s":{"0":1,"1":1,"2":1,"3":1,"4":1,"5":1},"f":{},"b":{},"_coverageSchema":"1a1c01bbd47fc00a2c39e90264f33305004495a9","hash":"db32e7f102be7b0d3f1e4c0033b5564c80fedf00"}
,"/Users/agf/Documents/React/Interviews/avatar-upload/src/components/Button/index.tsx": {"path":"/Users/agf/Documents/React/Interviews/avatar-upload/src/components/Button/index.tsx","statementMap":{"0":{"start":{"line":15,"column":2},"end":{"line":17,"column":4}}},"fnMap":{"0":{"name":"Button","decl":{"start":{"line":11,"column":16},"end":{"line":11,"column":22}},"loc":{"start":{"line":14,"column":10},"end":{"line":18,"column":1}},"line":14}},"branchMap":{},"s":{"0":7},"f":{"0":7},"b":{},"_coverageSchema":"1a1c01bbd47fc00a2c39e90264f33305004495a9","hash":"8d528dcb41126089f3abccb7cda279a5b2a8bcdb"}
,"/Users/agf/Documents/React/Interviews/avatar-upload/src/components/Button/styles.tsx": {"path":"/Users/agf/Documents/React/Interviews/avatar-upload/src/components/Button/styles.tsx","statementMap":{"0":{"start":{"line":3,"column":25},"end":{"line":27,"column":1}}},"fnMap":{},"branchMap":{},"s":{"0":1},"f":{},"b":{},"_coverageSchema":"1a1c01bbd47fc00a2c39e90264f33305004495a9","hash":"ff1f766ebaf09fe8e17d785afc548bf0f7e3b0da"}
,"/Users/agf/Documents/React/Interviews/avatar-upload/src/components/SavedAvatar/index.tsx": {"path":"/Users/agf/Documents/React/Interviews/avatar-upload/src/components/SavedAvatar/index.tsx","statementMap":{"0":{"start":{"line":23,"column":17},"end":{"line":23,"column":45}},"1":{"start":{"line":25,"column":2},"end":{"line":30,"column":9}},"2":{"start":{"line":26,"column":4},"end":{"line":29,"column":6}},"3":{"start":{"line":32,"column":2},"end":{"line":37,"column":4}}},"fnMap":{"0":{"name":"SavedAvatar","decl":{"start":{"line":16,"column":16},"end":{"line":16,"column":27}},"loc":{"start":{"line":21,"column":10},"end":{"line":38,"column":1}},"line":21},"1":{"name":"(anonymous_1)","decl":{"start":{"line":25,"column":12},"end":{"line":25,"column":13}},"loc":{"start":{"line":25,"column":18},"end":{"line":30,"column":3}},"line":25}},"branchMap":{},"s":{"0":1,"1":1,"2":1,"3":1},"f":{"0":1,"1":1},"b":{},"_coverageSchema":"1a1c01bbd47fc00a2c39e90264f33305004495a9","hash":"a30cde790f10bde12d8f7ed958a75cb06fe64556"}
,"/Users/agf/Documents/React/Interviews/avatar-upload/src/components/SavedAvatar/styles.tsx": {"path":"/Users/agf/Documents/React/Interviews/avatar-upload/src/components/SavedAvatar/styles.tsx","statementMap":{"0":{"start":{"line":3,"column":25},"end":{"line":8,"column":1}}},"fnMap":{},"branchMap":{},"s":{"0":1},"f":{},"b":{},"_coverageSchema":"1a1c01bbd47fc00a2c39e90264f33305004495a9","hash":"753aef380e0d185be1709bd9f1a9d01b5538d608"}
,"/Users/agf/Documents/React/Interviews/avatar-upload/src/components/ScaleAvatar/index.tsx": {"path":"/Users/agf/Documents/React/Interviews/avatar-upload/src/components/ScaleAvatar/index.tsx","statementMap":{"0":{"start":{"line":38,"column":17},"end":{"line":38,"column":45}},"1":{"start":{"line":40,"column":18},"end":{"line":45,"column":3}},"2":{"start":{"line":41,"column":4},"end":{"line":44,"column":6}},"3":{"start":{"line":47,"column":2},"end":{"line":49,"column":13}},"4":{"start":{"line":48,"column":4},"end":{"line":48,"column":18}},"5":{"start":{"line":51,"column":32},"end":{"line":51,"column":54}},"6":{"start":{"line":51,"column":38},"end":{"line":51,"column":54}},"7":{"start":{"line":53,"column":2},"end":{"line":78,"column":4}}},"fnMap":{"0":{"name":"ScaleAvatar","decl":{"start":{"line":29,"column":16},"end":{"line":29,"column":27}},"loc":{"start":{"line":36,"column":10},"end":{"line":79,"column":1}},"line":36},"1":{"name":"(anonymous_1)","decl":{"start":{"line":40,"column":18},"end":{"line":40,"column":19}},"loc":{"start":{"line":40,"column":36},"end":{"line":45,"column":3}},"line":40},"2":{"name":"(anonymous_2)","decl":{"start":{"line":47,"column":12},"end":{"line":47,"column":13}},"loc":{"start":{"line":47,"column":18},"end":{"line":49,"column":3}},"line":47},"3":{"name":"(anonymous_3)","decl":{"start":{"line":51,"column":32},"end":{"line":51,"column":33}},"loc":{"start":{"line":51,"column":38},"end":{"line":51,"column":54}},"line":51}},"branchMap":{"0":{"loc":{"start":{"line":43,"column":15},"end":{"line":43,"column":43}},"type":"cond-expr","locations":[{"start":{"line":43,"column":26},"end":{"line":43,"column":39}},{"start":{"line":43,"column":42},"end":{"line":43,"column":43}}],"line":43}},"s":{"0":7,"1":7,"2":7,"3":7,"4":7,"5":7,"6":1,"7":7},"f":{"0":7,"1":7,"2":7,"3":1},"b":{"0":[2,5]},"_coverageSchema":"1a1c01bbd47fc00a2c39e90264f33305004495a9","hash":"748edba19631c1c122fb97372901801e92c0b309"}
,"/Users/agf/Documents/React/Interviews/avatar-upload/src/components/ScaleAvatar/styles.tsx": {"path":"/Users/agf/Documents/React/Interviews/avatar-upload/src/components/ScaleAvatar/styles.tsx","statementMap":{"0":{"start":{"line":3,"column":25},"end":{"line":10,"column":1}},"1":{"start":{"line":12,"column":28},"end":{"line":17,"column":1}},"2":{"start":{"line":19,"column":21},"end":{"line":26,"column":1}},"3":{"start":{"line":28,"column":28},"end":{"line":30,"column":1}},"4":{"start":{"line":32,"column":27},"end":{"line":43,"column":1}}},"fnMap":{},"branchMap":{},"s":{"0":1,"1":1,"2":1,"3":1,"4":1},"f":{},"b":{},"_coverageSchema":"1a1c01bbd47fc00a2c39e90264f33305004495a9","hash":"645e32a38aad46505dd7ab9f665c45c64011cb21"}
,"/Users/agf/Documents/React/Interviews/avatar-upload/src/components/UploadHasFailed/index.tsx": {"path":"/Users/agf/Documents/React/Interviews/avatar-upload/src/components/UploadHasFailed/index.tsx","statementMap":{"0":{"start":{"line":18,"column":2},"end":{"line":27,"column":4}}},"fnMap":{"0":{"name":"UploadHasFailed","decl":{"start":{"line":15,"column":16},"end":{"line":15,"column":31}},"loc":{"start":{"line":17,"column":10},"end":{"line":28,"column":1}},"line":17}},"branchMap":{},"s":{"0":2},"f":{"0":2},"b":{},"_coverageSchema":"1a1c01bbd47fc00a2c39e90264f33305004495a9","hash":"58858217963bfe04d88de79186ea9cc845122800"}
,"/Users/agf/Documents/React/Interviews/avatar-upload/src/components/UploadHasFailed/styles.tsx": {"path":"/Users/agf/Documents/React/Interviews/avatar-upload/src/components/UploadHasFailed/styles.tsx","statementMap":{"0":{"start":{"line":3,"column":25},"end":{"line":5,"column":1}},"1":{"start":{"line":8,"column":23},"end":{"line":13,"column":1}},"2":{"start":{"line":15,"column":21},"end":{"line":24,"column":1}},"3":{"start":{"line":26,"column":27},"end":{"line":34,"column":1}},"4":{"start":{"line":36,"column":27},"end":{"line":47,"column":1}}},"fnMap":{},"branchMap":{},"s":{"0":1,"1":1,"2":1,"3":1,"4":1},"f":{},"b":{},"_coverageSchema":"1a1c01bbd47fc00a2c39e90264f33305004495a9","hash":"8e07a225772095c6cfcaa6ae386b2af6d7751ffe"}
}
