TN:
SF:src/App.tsx
FN:11,(anonymous_0)
FN:20,(anonymous_1)
FN:24,(anonymous_2)
FN:32,(anonymous_3)
FN:42,(anonymous_4)
FN:49,(anonymous_5)
FN:56,(anonymous_6)
FN:62,(anonymous_7)
FN:69,(anonymous_8)
FN:73,(anonymous_9)
FN:77,(anonymous_10)
FN:81,(anonymous_11)
FNF:12
FNH:8
FNDA:20,(anonymous_0)
FNDA:3,(anonymous_1)
FNDA:14,(anonymous_2)
FNDA:7,(anonymous_3)
FNDA:2,(anonymous_4)
FNDA:0,(anonymous_5)
FNDA:7,(anonymous_6)
FNDA:2,(anonymous_7)
FNDA:0,(anonymous_8)
FNDA:0,(anonymous_9)
FNDA:0,(anonymous_10)
FNDA:20,(anonymous_11)
DA:11,1
DA:13,20
DA:14,20
DA:15,20
DA:16,20
DA:18,20
DA:20,20
DA:21,3
DA:24,20
DA:25,14
DA:27,14
DA:29,14
DA:32,20
DA:33,7
DA:34,5
DA:35,5
DA:36,5
DA:38,7
DA:42,20
DA:43,2
DA:44,2
DA:45,2
DA:46,2
DA:49,20
DA:50,0
DA:51,0
DA:52,0
DA:56,20
DA:57,7
DA:59,7
DA:62,20
DA:66,2
DA:69,20
DA:70,0
DA:73,20
DA:74,0
DA:77,20
DA:78,0
DA:81,20
DA:82,20
DA:84,18
DA:85,10
DA:92,8
DA:94,7
DA:106,1
DA:116,20
LF:46
LH:40
BRDA:27,0,0,0
BRDA:27,0,1,14
BRDA:33,1,0,5
BRDA:33,1,1,2
BRDA:33,2,0,7
BRDA:33,2,1,7
BRDA:82,3,0,2
BRDA:82,3,1,18
BRDA:84,4,0,10
BRDA:84,4,1,8
BRDA:84,5,0,18
BRDA:84,5,1,18
BRDA:92,6,0,7
BRDA:92,6,1,1
BRDA:92,7,0,8
BRDA:92,7,1,8
BRDA:92,7,2,8
BRF:17
BRH:16
end_of_record
TN:
SF:src/main.tsx
FNF:0
FNH:0
DA:6,0
LF:1
LH:0
BRF:0
BRH:0
end_of_record
TN:
SF:src/styles.tsx
FN:20,(anonymous_0)
FNF:1
FNH:1
FNDA:20,(anonymous_0)
DA:9,1
DA:20,20
LF:2
LH:2
BRDA:22,0,0,13
BRDA:22,0,1,7
BRDA:22,1,0,20
BRDA:22,1,1,8
BRDA:29,2,0,11
BRDA:29,2,1,9
BRDA:29,3,0,20
BRDA:29,3,1,12
BRDA:29,3,2,10
BRF:9
BRH:9
end_of_record
TN:
SF:src/components/Avatar/index.tsx
FN:18,Avatar
FN:26,(anonymous_1)
FNF:2
FNH:2
FNDA:16,Avatar
FNDA:8,(anonymous_1)
DA:24,16
DA:26,16
DA:27,8
DA:28,6
DA:32,16
LF:5
LH:5
BRDA:27,0,0,6
BRDA:27,0,1,2
BRDA:36,1,0,16
BRDA:36,1,1,2
BRF:4
BRH:4
end_of_record
TN:
SF:src/components/Avatar/styles.tsx
FN:32,(anonymous_0)
FNF:1
FNH:1
FNDA:16,(anonymous_0)
DA:8,1
DA:12,1
DA:25,1
DA:32,16
DA:47,1
LF:5
LH:5
BRDA:32,0,0,0
BRDA:32,0,1,16
BRF:2
BRH:1
end_of_record
TN:
SF:src/components/AvatarInformation/index.tsx
FN:18,AvatarInformation
FNF:1
FNH:1
FNDA:11,AvatarInformation
DA:22,11
LF:1
LH:1
BRF:0
BRH:0
end_of_record
TN:
SF:src/components/AvatarInformation/styles.tsx
FNF:0
FNH:0
DA:3,1
DA:10,1
DA:16,1
DA:23,1
DA:30,1
DA:37,1
LF:6
LH:6
BRF:0
BRH:0
end_of_record
TN:
SF:src/components/Button/index.tsx
FN:11,Button
FNF:1
FNH:1
FNDA:7,Button
DA:15,7
LF:1
LH:1
BRF:0
BRH:0
end_of_record
TN:
SF:src/components/Button/styles.tsx
FNF:0
FNH:0
DA:3,1
LF:1
LH:1
BRF:0
BRH:0
end_of_record
TN:
SF:src/components/SavedAvatar/index.tsx
FN:16,SavedAvatar
FN:25,(anonymous_1)
FNF:2
FNH:2
FNDA:1,SavedAvatar
FNDA:1,(anonymous_1)
DA:23,1
DA:25,1
DA:26,1
DA:32,1
LF:4
LH:4
BRF:0
BRH:0
end_of_record
TN:
SF:src/components/SavedAvatar/styles.tsx
FNF:0
FNH:0
DA:3,1
LF:1
LH:1
BRF:0
BRH:0
end_of_record
TN:
SF:src/components/ScaleAvatar/index.tsx
FN:29,ScaleAvatar
FN:40,(anonymous_1)
FN:47,(anonymous_2)
FN:51,(anonymous_3)
FNF:4
FNH:4
FNDA:7,ScaleAvatar
FNDA:7,(anonymous_1)
FNDA:7,(anonymous_2)
FNDA:1,(anonymous_3)
DA:38,7
DA:40,7
DA:41,7
DA:47,7
DA:48,7
DA:51,7
DA:53,7
LF:7
LH:7
BRDA:43,0,0,2
BRDA:43,0,1,5
BRF:2
BRH:2
end_of_record
TN:
SF:src/components/ScaleAvatar/styles.tsx
FNF:0
FNH:0
DA:3,1
DA:12,1
DA:19,1
DA:28,1
DA:32,1
LF:5
LH:5
BRF:0
BRH:0
end_of_record
TN:
SF:src/components/UploadHasFailed/index.tsx
FN:15,UploadHasFailed
FNF:1
FNH:1
FNDA:2,UploadHasFailed
DA:18,2
LF:1
LH:1
BRF:0
BRH:0
end_of_record
TN:
SF:src/components/UploadHasFailed/styles.tsx
FNF:0
FNH:0
DA:3,1
DA:8,1
DA:15,1
DA:26,1
DA:36,1
LF:5
LH:5
BRF:0
BRH:0
end_of_record
